2025-04-19 01:38:47,976 - INFO - ูุงูโูุง ุจุง ููููุช ุณุงุฎุชู ุดุฏูุฏ!
2025-04-19 01:38:47,976 - INFO - โ ูพุฑุฏุงุฒุด ุจุง ููููุช ุงูุฌุงู ุดุฏ!
2025-04-19 01:59:05,896 - INFO - ูุงูโูุง ุจุง ููููุช ุณุงุฎุชู ุดุฏูุฏ!
2025-04-19 01:59:05,896 - INFO - โ ูพุฑุฏุงุฒุด ุจุง ููููุช ุงูุฌุงู ุดุฏ!
2025-04-19 20:15:31,726 - INFO - ูุงูโูุง ุจุง ููููุช ุณุงุฎุชู ุดุฏูุฏ!
2025-04-19 20:15:31,726 - INFO - โ ูพุฑุฏุงุฒุด ุจุง ููููุช ุงูุฌุงู ุดุฏ!
2025-04-20 11:30:25,956 - INFO - ูุงูโูุง ุจุง ููููุช ุณุงุฎุชู ุดุฏูุฏ!
2025-04-20 11:30:25,956 - INFO - โ ูพุฑุฏุงุฒุด ุจุง ููููุช ุงูุฌุงู ุดุฏ!
2025-04-20 15:23:55,655 - INFO - ูุงูโูุง ุจุง ููููุช ุณุงุฎุชู ุดุฏูุฏ!
2025-04-20 15:23:55,655 - INFO - โ ูพุฑุฏุงุฒุด ุจุง ููููุช ุงูุฌุงู ุดุฏ!
2025-04-20 15:26:52,918 - INFO - ูุงูโูุง ุจุง ููููุช ุณุงุฎุชู ุดุฏูุฏ!
2025-04-20 15:26:52,919 - INFO - โ ูพุฑุฏุงุฒุด ุจุง ููููุช ุงูุฌุงู ุดุฏ!
2025-04-20 16:04:29,961 - INFO - ูุงูโูุง ุจุง ููููุช ุณุงุฎุชู ุดุฏูุฏ!
2025-04-20 16:04:29,962 - INFO - โ ูพุฑุฏุงุฒุด ุจุง ููููุช ุงูุฌุงู ุดุฏ!
2025-04-20 17:16:49,813 - INFO - ูุงูโูุง ุจุง ููููุช ุณุงุฎุชู ุดุฏูุฏ!
2025-04-20 17:16:49,813 - INFO - โ ูพุฑุฏุงุฒุด ุจุง ููููุช ุงูุฌุงู ุดุฏ!
2025-04-20 17:44:03,782 - INFO - ูุงูโูุง ุจุง ููููุช ุณุงุฎุชู ุดุฏูุฏ!
2025-04-20 17:44:03,782 - INFO - โ ูพุฑุฏุงุฒุด ุจุง ููููุช ุงูุฌุงู ุดุฏ!
2025-04-20 19:41:50,826 - INFO - ูุงูโูุง ุจุง ููููุช ุณุงุฎุชู ุดุฏูุฏ!
2025-04-20 19:41:50,826 - INFO - โ ูพุฑุฏุงุฒุด ุจุง ููููุช ุงูุฌุงู ุดุฏ!
2025-04-21 19:01:23,652 - INFO - ูุงูโูุง ุจุง ููููุช ุณุงุฎุชู ุดุฏูุฏ!
2025-04-21 19:01:23,653 - INFO - โ ูพุฑุฏุงุฒุด ุจุง ููููุช ุงูุฌุงู ุดุฏ!
2025-04-21 21:51:49,832 - INFO - ูุงูโูุง ุจุง ููููุช ุณุงุฎุชู ุดุฏูุฏ!
2025-04-21 21:51:49,832 - INFO - โ ูพุฑุฏุงุฒุด ุจุง ููููุช ุงูุฌุงู ุดุฏ!
2025-04-22 16:22:56,852 - INFO - ูุงูโูุง ุจุง ููููุช ุณุงุฎุชู ุดุฏูุฏ!
2025-04-22 16:22:56,852 - INFO - โ ูพุฑุฏุงุฒุด ุจุง ููููุช ุงูุฌุงู ุดุฏ!
2025-04-23 15:42:34,857 - INFO - ูุงูโูุง ุจุง ููููุช ุณุงุฎุชู ุดุฏูุฏ!
2025-04-23 15:42:34,857 - INFO - โ ูพุฑุฏุงุฒุด ุจุง ููููุช ุงูุฌุงู ุดุฏ!
2025-04-23 15:47:05,497 - INFO - ูุงูโูุง ุจุง ููููุช ุณุงุฎุชู ุดุฏูุฏ!
2025-04-23 15:47:05,497 - INFO - โ ูพุฑุฏุงุฒุด ุจุง ููููุช ุงูุฌุงู ุดุฏ!
2025-04-27 13:33:48,979 - INFO - ูุงูโูุง ุจุง ููููุช ุณุงุฎุชู ุดุฏูุฏ!
2025-04-27 13:33:48,979 - INFO - โ ูพุฑุฏุงุฒุด ุจุง ููููุช ุงูุฌุงู ุดุฏ!
2025-04-27 13:36:38,902 - INFO - ูุงูโูุง ุจุง ููููุช ุณุงุฎุชู ุดุฏูุฏ!
2025-04-27 13:36:38,902 - INFO - โ ูพุฑุฏุงุฒุด ุจุง ููููุช ุงูุฌุงู ุดุฏ!
2025-04-27 13:44:37,626 - CRITICAL - โ ุฎุทุง: [Errno 2] No such file or directory: 'Sublist/hamedp-71/c-2.7-3.7.yaml'
Traceback (most recent call last):
  File "/home/runner/work/MihomoSaz/MihomoSaz/update_sublist.py", line 132, in <module>
    processor.generate_configs()
  File "/home/runner/work/MihomoSaz/MihomoSaz/update_sublist.py", line 122, in generate_configs
    with open(output_path, "w", encoding="utf-8") as f:
         ^^^^^^^^^^^^^^^^^^^^^^^^^^^^^^^^^^^^^^^^
FileNotFoundError: [Errno 2] No such file or directory: 'Sublist/hamedp-71/c-2.7-3.7.yaml'
2025-04-27 13:58:45,900 - INFO - ูุงูโูุง ุจุง ููููุช ุณุงุฎุชู ุดุฏูุฏ!
2025-04-27 13:58:45,900 - INFO - โ ูพุฑุฏุงุฒุด ุจุง ููููุช ุงูุฌุงู ุดุฏ!
2025-04-27 14:06:28,805 - INFO - ูุงูโูุง ุจุง ููููุช ุณุงุฎุชู ุดุฏูุฏ!
2025-04-27 14:06:28,805 - INFO - โ ูพุฑุฏุงุฒุด ุจุง ููููุช ุงูุฌุงู ุดุฏ!
2025-04-27 14:12:58,952 - INFO - ูุงูโูุง ุจุง ููููุช ุณุงุฎุชู ุดุฏูุฏ!
2025-04-27 14:12:58,952 - INFO - โ ูพุฑุฏุงุฒุด ุจุง ููููุช ุงูุฌุงู ุดุฏ!
2025-04-29 16:32:38,350 - INFO - ูุงูโูุง ุจุง ููููุช ุณุงุฎุชู ุดุฏูุฏ!
2025-04-29 16:32:38,350 - INFO - โ ูพุฑุฏุงุฒุด ุจุง ููููุช ุงูุฌุงู ุดุฏ!
2025-04-30 15:48:11,566 - INFO - ูุงูโูุง ุจุง ููููุช ุณุงุฎุชู ุดุฏูุฏ!
2025-04-30 15:48:11,566 - INFO - โ ูพุฑุฏุงุฒุด ุจุง ููููุช ุงูุฌุงู ุดุฏ!
2025-05-04 02:32:14,347 - INFO - ูุงูโูุง ุจุง ููููุช ุณุงุฎุชู ุดุฏูุฏ!
2025-05-04 02:32:14,347 - INFO - โ ูพุฑุฏุงุฒุด ุจุง ููููุช ุงูุฌุงู ุดุฏ!
2025-05-04 02:35:30,095 - INFO - ูุงูโูุง ุจุง ููููุช ุณุงุฎุชู ุดุฏูุฏ!
2025-05-04 02:35:30,095 - INFO - โ ูพุฑุฏุงุฒุด ุจุง ููููุช ุงูุฌุงู ุดุฏ!
2025-05-04 05:09:52,031 - INFO - ูุงูโูุง ุจุง ููููุช ุณุงุฎุชู ุดุฏูุฏ!
2025-05-04 05:09:52,031 - INFO - โ ูพุฑุฏุงุฒุด ุจุง ููููุช ุงูุฌุงู ุดุฏ!
2025-05-04 06:47:59,384 - INFO - ูุงูโูุง ุจุง ููููุช ุณุงุฎุชู ุดุฏูุฏ!
2025-05-04 06:47:59,384 - INFO - โ ูพุฑุฏุงุฒุด ุจุง ููููุช ุงูุฌุงู ุดุฏ!
2025-05-06 06:37:19,231 - INFO - ูุงูโูุง ุจุง ููููุช ุณุงุฎุชู ุดุฏูุฏ!
2025-05-06 06:37:19,231 - INFO - โ ูพุฑุฏุงุฒุด ุจุง ููููุช ุงูุฌุงู ุดุฏ!
2025-05-07 20:36:45,686 - INFO - ูุงูโูุง ุจุง ููููุช ุณุงุฎุชู ุดุฏูุฏ!
2025-05-07 20:36:45,687 - INFO - โ ูพุฑุฏุงุฒุด ุจุง ููููุช ุงูุฌุงู ุดุฏ!
2025-05-07 21:44:54,731 - INFO - ูุงูโูุง ุจุง ููููุช ุณุงุฎุชู ุดุฏูุฏ!
2025-05-07 21:44:54,731 - INFO - โ ูพุฑุฏุงุฒุด ุจุง ููููุช ุงูุฌุงู ุดุฏ!
2025-05-08 07:02:56,686 - INFO - ูุงูโูุง ุจุง ููููุช ุณุงุฎุชู ุดุฏูุฏ!
2025-05-08 07:02:56,686 - INFO - โ ูพุฑุฏุงุฒุด ุจุง ููููุช ุงูุฌุงู ุดุฏ!
2025-05-20 22:33:28,360 - INFO - ูุงูโูุง ุจุง ููููุช ุณุงุฎุชู ุดุฏูุฏ!
2025-05-20 22:33:28,360 - INFO - โ ูพุฑุฏุงุฒุด ุจุง ููููุช ุงูุฌุงู ุดุฏ!
2025-05-28 19:44:29,747 - INFO - ูุงูโูุง ุจุง ููููุช ุณุงุฎุชู ุดุฏูุฏ!
2025-05-28 19:44:29,747 - INFO - โ ูพุฑุฏุงุฒุด ุจุง ููููุช ุงูุฌุงู ุดุฏ!
2025-06-10 17:41:56,276 - INFO - ูุงูโูุง ุจุง ููููุช ุณุงุฎุชู ุดุฏูุฏ!
2025-06-10 17:41:56,277 - INFO - โ ูพุฑุฏุงุฒุด ุจุง ููููุช ุงูุฌุงู ุดุฏ!
2025-06-10 17:45:43,339 - INFO - ูุงูโูุง ุจุง ููููุช ุณุงุฎุชู ุดุฏูุฏ!
2025-06-10 17:45:43,339 - INFO - โ ูพุฑุฏุงุฒุด ุจุง ููููุช ุงูุฌุงู ุดุฏ!
2025-06-10 18:18:09,822 - INFO - ูุงูโูุง ุจุง ููููุช ุณุงุฎุชู ุดุฏูุฏ!
2025-06-10 18:18:09,822 - INFO - โ ูพุฑุฏุงุฒุด ุจุง ููููุช ุงูุฌุงู ุดุฏ!
2025-06-13 19:32:39,715 - INFO - ูุงูโูุง ุจุง ููููุช ุณุงุฎุชู ุดุฏูุฏ!
2025-06-13 19:32:39,715 - INFO - โ ูพุฑุฏุงุฒุด ุจุง ููููุช ุงูุฌุงู ุดุฏ!
2025-07-06 23:21:41,300 - INFO - ูุงูโูุง ุจุง ููููุช ุณุงุฎุชู ุดุฏูุฏ!
2025-07-06 23:21:41,300 - INFO - โ ูพุฑุฏุงุฒุด ุจุง ููููุช ุงูุฌุงู ุดุฏ!
2025-07-22 22:15:24,152 - INFO - ูุงูโูุง ุจุง ููููุช ุณุงุฎุชู ุดุฏูุฏ!
2025-07-22 22:15:24,152 - INFO - โ ูพุฑุฏุงุฒุด ุจุง ููููุช ุงูุฌุงู ุดุฏ!
2025-08-22 02:48:05,955 - INFO - ูุงูโูุง ุจุง ููููุช ุณุงุฎุชู ุดุฏูุฏ!
2025-08-22 02:48:05,955 - INFO - โ ูพุฑุฏุงุฒุด ุจุง ููููุช ุงูุฌุงู ุดุฏ!
2025-08-22 03:43:09,417 - INFO - ูุงูโูุง ุจุง ููููุช ุณุงุฎุชู ุดุฏูุฏ!
2025-08-22 03:43:09,417 - INFO - โ ูพุฑุฏุงุฒุด ุจุง ููููุช ุงูุฌุงู ุดุฏ!
2025-08-22 04:28:45,100 - INFO - ูุงูโูุง ุจุง ููููุช ุณุงุฎุชู ุดุฏูุฏ!
2025-08-22 04:28:45,100 - INFO - โ ูพุฑุฏุงุฒุด ุจุง ููููุช ุงูุฌุงู ุดุฏ!
2025-08-22 18:19:56,905 - INFO - ูุงูโูุง ุจุง ููููุช ุณุงุฎุชู ุดุฏูุฏ!
2025-08-22 18:19:56,905 - INFO - โ ูพุฑุฏุงุฒุด ุจุง ููููุช ุงูุฌุงู ุดุฏ!
2025-09-01 16:51:16,380 - INFO - ูุงูโูุง ุจุง ููููุช ุณุงุฎุชู ุดุฏูุฏ!
2025-09-01 16:51:16,380 - INFO - โ ูพุฑุฏุงุฒุด ุจุง ููููุช ุงูุฌุงู ุดุฏ!
2025-09-03 05:31:42,709 - INFO - ูุงูโูุง ุจุง ููููุช ุณุงุฎุชู ุดุฏูุฏ!
2025-09-03 05:31:42,709 - INFO - โ ูพุฑุฏุงุฒุด ุจุง ููููุช ุงูุฌุงู ุดุฏ!
2025-09-03 06:17:12,001 - INFO - ูุงูโูุง ุจุง ููููุช ุณุงุฎุชู ุดุฏูุฏ!
2025-09-03 06:17:12,002 - INFO - โ ูพุฑุฏุงุฒุด ุจุง ููููุช ุงูุฌุงู ุดุฏ!
2025-09-06 09:50:40,929 - INFO - ูุงูโูุง ุจุง ููููุช ุณุงุฎุชู ุดุฏูุฏ!
2025-09-06 09:50:40,929 - INFO - โ ูพุฑุฏุงุฒุด ุจุง ููููุช ุงูุฌุงู ุดุฏ!
2025-09-28 08:41:42,090 - INFO - โ ููู ูุงูโูุง ุจุง ููููุช ุณุงุฎุชู ุดุฏูุฏ!
2025-09-28 08:41:42,090 - INFO - ๐ ูพุฑุฏุงุฒุด ุจุง ููููุช ุจู ูพุงุงู ุฑุณุฏ!
2025-09-28 08:54:20,418 - INFO - ูุงูโูุง ุจุง ููููุช ุณุงุฎุชู ุดุฏูุฏ!
2025-09-28 08:54:20,419 - INFO - โ ูพุฑุฏุงุฒุด ุจุง ููููุช ุงูุฌุงู ุดุฏ!
2025-09-28 08:56:17,778 - INFO - ูุงูโูุง ุจุง ููููุช ุณุงุฎุชู ุดุฏูุฏ!
2025-09-28 08:56:17,778 - INFO - โ ูพุฑุฏุงุฒุด ุจุง ููููุช ุงูุฌุงู ุดุฏ!
2025-09-28 08:57:02,602 - INFO - ูุงูโูุง ุจุง ููููุช ุณุงุฎุชู ุดุฏูุฏ!
2025-09-28 08:57:02,602 - INFO - โ ูพุฑุฏุงุฒุด ุจุง ููููุช ุงูุฌุงู ุดุฏ!
2025-09-28 09:00:33,017 - INFO - ูุงูโูุง ุจุง ููููุช ุณุงุฎุชู ุดุฏูุฏ!
2025-09-28 09:00:33,017 - INFO - โ ูพุฑุฏุงุฒุด ุจุง ููููุช ุงูุฌุงู ุดุฏ!
